# JRE version: OpenJDK Runtime Environment (8.0_202-b03) (build 1.8.0_202-release-1483-b03)
# Java VM: OpenJDK 64-Bit Server VM (25.202-b03 mixed mode windows-amd64 compressed oops)
Heap:
 PSYoungGen      total 157696K, used 49502K [0x00000000e0000000, 0x00000000eb280000, 0x0000000100000000)
  eden space 141824K, 26% used [0x00000000e0000000,0x00000000e2463460,0x00000000e8a80000)
  from space 15872K, 77% used [0x00000000ea300000,0x00000000eaef44c0,0x00000000eb280000)
  to   space 20480K, 0% used [0x00000000e8a80000,0x00000000e8a80000,0x00000000e9e80000)
 ParOldGen       total 159232K, used 31564K [0x00000000a0000000, 0x00000000a9b80000, 0x00000000e0000000)
  object space 159232K, 19% used [0x00000000a0000000,0x00000000a1ed3218,0x00000000a9b80000)
 Metaspace       used 72797K, capacity 76068K, committed 76160K, reserved 1116160K
  class space    used 9469K, capacity 10088K, committed 10112K, reserved 1048576K
GC Heap History (10 events):
Event: 36.752 GC heap before
{Heap before GC invocations=15 (full 3):
 PSYoungGen      total 146432K, used 16888K [0x00000000e0000000, 0x00000000eab80000, 0x0000000100000000)
  eden space 129536K, 0% used [0x00000000e0000000,0x00000000e0000000,0x00000000e7e80000)
  from space 16896K, 99% used [0x00000000e9200000,0x00000000ea27e1e0,0x00000000ea280000)
  to   space 19968K, 0% used [0x00000000e7e80000,0x00000000e7e80000,0x00000000e9200000)
 ParOldGen       total 107008K, used 24771K [0x00000000a0000000, 0x00000000a6880000, 0x00000000e0000000)
  object space 107008K, 23% used [0x00000000a0000000,0x00000000a1830eb8,0x00000000a6880000)
 Metaspace       used 57220K, capacity 59014K, committed 59096K, reserved 1101824K
  class space    used 7421K, capacity 7801K, committed 7808K, reserved 1048576K
Event: 37.073 GC heap after
Heap after GC invocations=15 (full 3):
 PSYoungGen      total 146432K, used 0K [0x00000000e0000000, 0x00000000eab80000, 0x0000000100000000)
  eden space 129536K, 0% used [0x00000000e0000000,0x00000000e0000000,0x00000000e7e80000)
  from space 16896K, 0% used [0x00000000e9200000,0x00000000e9200000,0x00000000ea280000)
  to   space 19968K, 0% used [0x00000000e7e80000,0x00000000e7e80000,0x00000000e9200000)
 ParOldGen       total 159232K, used 31476K [0x00000000a0000000, 0x00000000a9b80000, 0x00000000e0000000)
  object space 159232K, 19% used [0x00000000a0000000,0x00000000a1ebd208,0x00000000a9b80000)
 Metaspace       used 57183K, capacity 58890K, committed 59096K, reserved 1101824K
  class space    used 7411K, capacity 7787K, committed 7808K, reserved 1048576K
}
Event: 41.140 GC heap before
{Heap before GC invocations=16 (full 3):
 PSYoungGen      total 146432K, used 129536K [0x00000000e0000000, 0x00000000eab80000, 0x0000000100000000)
  eden space 129536K, 100% used [0x00000000e0000000,0x00000000e7e80000,0x00000000e7e80000)
  from space 16896K, 0% used [0x00000000e9200000,0x00000000e9200000,0x00000000ea280000)
  to   space 19968K, 0% used [0x00000000e7e80000,0x00000000e7e80000,0x00000000e9200000)
 ParOldGen       total 159232K, used 31476K [0x00000000a0000000, 0x00000000a9b80000, 0x00000000e0000000)
  object space 159232K, 19% used [0x00000000a0000000,0x00000000a1ebd208,0x00000000a9b80000)
 Metaspace       used 65103K, capacity 67338K, committed 67584K, reserved 1107968K
  class space    used 8626K, capacity 9115K, committed 9216K, reserved 1048576K
Event: 41.159 GC heap after
Heap after GC invocations=16 (full 3):
 PSYoungGen      total 149504K, used 10943K [0x00000000e0000000, 0x00000000eb900000, 0x0000000100000000)
  eden space 129536K, 0% used [0x00000000e0000000,0x00000000e0000000,0x00000000e7e80000)
  from space 19968K, 54% used [0x00000000e7e80000,0x00000000e892feb0,0x00000000e9200000)
  to   space 19456K, 0% used [0x00000000ea600000,0x00000000ea600000,0x00000000eb900000)
 ParOldGen       total 159232K, used 31476K [0x00000000a0000000, 0x00000000a9b80000, 0x00000000e0000000)
  object space 159232K, 19% used [0x00000000a0000000,0x00000000a1ebd208,0x00000000a9b80000)
 Metaspace       used 65103K, capacity 67338K, committed 67584K, reserved 1107968K
  class space    used 8626K, capacity 9115K, committed 9216K, reserved 1048576K
}
Event: 45.596 GC heap before
{Heap before GC invocations=17 (full 3):
 PSYoungGen      total 149504K, used 140479K [0x00000000e0000000, 0x00000000eb900000, 0x0000000100000000)
  eden space 129536K, 100% used [0x00000000e0000000,0x00000000e7e80000,0x00000000e7e80000)
  from space 19968K, 54% used [0x00000000e7e80000,0x00000000e892feb0,0x00000000e9200000)
  to   space 19456K, 0% used [0x00000000ea600000,0x00000000ea600000,0x00000000eb900000)
 ParOldGen       total 159232K, used 31476K [0x00000000a0000000, 0x00000000a9b80000, 0x00000000e0000000)
  object space 159232K, 19% used [0x00000000a0000000,0x00000000a1ebd208,0x00000000a9b80000)
 Metaspace       used 70210K, capacity 73036K, committed 73088K, reserved 1112064K
  class space    used 9282K, capacity 9835K, committed 9856K, reserved 1048576K
Event: 45.660 GC heap after
Heap after GC invocations=17 (full 3):
 PSYoungGen      total 168960K, used 16161K [0x00000000e0000000, 0x00000000ebe80000, 0x0000000100000000)
  eden space 149504K, 0% used [0x00000000e0000000,0x00000000e0000000,0x00000000e9200000)
  from space 19456K, 83% used [0x00000000ea600000,0x00000000eb5c8410,0x00000000eb900000)
  to   space 20480K, 0% used [0x00000000e9200000,0x00000000e9200000,0x00000000ea600000)
 ParOldGen       total 159232K, used 31548K [0x00000000a0000000, 0x00000000a9b80000, 0x00000000e0000000)
  object space 159232K, 19% used [0x00000000a0000000,0x00000000a1ecf218,0x00000000a9b80000)
 Metaspace       used 70210K, capacity 73036K, committed 73088K, reserved 1112064K
  class space    used 9282K, capacity 9835K, committed 9856K, reserved 1048576K
}
Event: 1912.246 GC heap before
{Heap before GC invocations=18 (full 3):
 PSYoungGen      total 168960K, used 165665K [0x00000000e0000000, 0x00000000ebe80000, 0x0000000100000000)
  eden space 149504K, 100% used [0x00000000e0000000,0x00000000e9200000,0x00000000e9200000)
  from space 19456K, 83% used [0x00000000ea600000,0x00000000eb5c8410,0x00000000eb900000)
  to   space 20480K, 0% used [0x00000000e9200000,0x00000000e9200000,0x00000000ea600000)
 ParOldGen       total 159232K, used 31548K [0x00000000a0000000, 0x00000000a9b80000, 0x00000000e0000000)
  object space 159232K, 19% used [0x00000000a0000000,0x00000000a1ecf218,0x00000000a9b80000)
 Metaspace       used 72335K, capacity 75522K, committed 75648K, reserved 1114112K
  class space    used 9447K, capacity 10053K, committed 10112K, reserved 1048576K
Event: 1912.324 GC heap after
Heap after GC invocations=18 (full 3):
 PSYoungGen      total 160768K, used 15160K [0x00000000e0000000, 0x00000000eb800000, 0x0000000100000000)
  eden space 145408K, 0% used [0x00000000e0000000,0x00000000e0000000,0x00000000e8e00000)
  from space 15360K, 98% used [0x00000000e9200000,0x00000000ea0ce340,0x00000000ea100000)
  to   space 21504K, 0% used [0x00000000ea300000,0x00000000ea300000,0x00000000eb800000)
 ParOldGen       total 159232K, used 31556K [0x00000000a0000000, 0x00000000a9b80000, 0x00000000e0000000)
  object space 159232K, 19% used [0x00000000a0000000,0x00000000a1ed1218,0x00000000a9b80000)
 Metaspace       used 72335K, capacity 75522K, committed 75648K, reserved 1114112K
  class space    used 9447K, capacity 10053K, committed 10112K, reserved 1048576K
}
Event: 9469.079 GC heap before
{Heap before GC invocations=19 (full 3):
 PSYoungGen      total 160768K, used 160568K [0x00000000e0000000, 0x00000000eb800000, 0x0000000100000000)
  eden space 145408K, 100% used [0x00000000e0000000,0x00000000e8e00000,0x00000000e8e00000)
  from space 15360K, 98% used [0x00000000e9200000,0x00000000ea0ce340,0x00000000ea100000)
  to   space 21504K, 0% used [0x00000000ea300000,0x00000000ea300000,0x00000000eb800000)
 ParOldGen       total 159232K, used 31556K [0x00000000a0000000, 0x00000000a9b80000, 0x00000000e0000000)
  object space 159232K, 19% used [0x00000000a0000000,0x00000000a1ed1218,0x00000000a9b80000)
 Metaspace       used 72708K, capacity 76026K, committed 76160K, reserved 1116160K
  class space    used 9465K, capacity 10081K, committed 10112K, reserved 1048576K
Event: 9470.013 GC heap after
Heap after GC invocations=19 (full 3):
 PSYoungGen      total 157696K, used 12241K [0x00000000e0000000, 0x00000000eb280000, 0x0000000100000000)
  eden space 141824K, 0% used [0x00000000e0000000,0x00000000e0000000,0x00000000e8a80000)
  from space 15872K, 77% used [0x00000000ea300000,0x00000000eaef44c0,0x00000000eb280000)
  to   space 20480K, 0% used [0x00000000e8a80000,0x00000000e8a80000,0x00000000e9e80000)
 ParOldGen       total 159232K, used 31564K [0x00000000a0000000, 0x00000000a9b80000, 0x00000000e0000000)
  object space 159232K, 19% used [0x00000000a0000000,0x00000000a1ed3218,0x00000000a9b80000)
 Metaspace       used 72708K, capacity 76026K, committed 76160K, reserved 1116160K
  class space    used 9465K, capacity 10081K, committed 10112K, reserved 1048576K
}

